25.01.2010,11:49 INFO  [AWT-EventQueue-0] gui.KartenSpielPanel: Neue Abfrage gestartet
25.01.2010,11:50 INFO  [AWT-EventQueue-0] gui.KartenSpielPanel: Eine Karte wurde aktualisiert
25.01.2010,11:50 INFO  [AWT-EventQueue-0] gui.KartenSpielPanel: Name der Gespeicherten Karte/Lektion: englisch
25.01.2010,11:50 INFO  [AWT-EventQueue-0] gui.KartenSpielPanel: Eine Karte wurde aktualisiert
25.01.2010,11:50 INFO  [AWT-EventQueue-0] gui.KartenSpielPanel: Name der Gespeicherten Karte/Lektion: englisch
25.01.2010,12:25 INFO  [AWT-EventQueue-0] gui.KartenSpielPanel: Neue Abfrage gestartet
25.01.2010,15:06 INFO  [AWT-EventQueue-0] gui.KartenSpielPanel: Neue Abfrage gestartet
25.01.2010,15:07 INFO  [AWT-EventQueue-0] gui.Mainframe: Eine Karte wurde aktualisiert
25.01.2010,15:07 INFO  [AWT-EventQueue-0] gui.Mainframe: Alle Karten werden gedruckt
25.01.2010,16:00 INFO  [AWT-EventQueue-0] gui.KartenSpielPanel: Neue Abfrage gestartet
25.01.2010,16:00 INFO  [AWT-EventQueue-0] gui.Mainframe: Karten der Phase werden gedruckt
25.01.2010,16:00 INFO  [AWT-EventQueue-0] gui.Mainframe: Alle Karten werden gedruckt
25.01.2010,16:01 INFO  [AWT-EventQueue-0] gui.Mainframe: Eine Karte wurde hinzugefügt
25.01.2010,16:01 INFO  [AWT-EventQueue-0] gui.Mainframe: Eine Karte wurde aktualisiert
25.01.2010,16:01 INFO  [AWT-EventQueue-0] gui.KartenSpielPanel: Neue Abfrage gestartet
19.02.2010,12:25 INFO  [AWT-EventQueue-0] gui.KartenSpielPanel: Neue Abfrage gestartet
08.04.2010,15:37 INFO  [AWT-EventQueue-0] gui.KartenSpielPanel: Neue Abfrage gestartet
08.04.2010,15:37 INFO  [AWT-EventQueue-0] gui.KartenSpielPanel: Neue Abfrage gestartet
08.04.2010,15:37 INFO  [AWT-EventQueue-0] gui.KartenSpielPanel: Neue Abfrage gestartet
14.06.2010,14:38 ERROR [main] gui.DAOFactory: Datenbanktreiber oracle.jdbc.driver.OracleDriver konnte nicht geladen werden! Produktexport abgerochen
09.12.2011,10:12 ERROR [main] gui.DAOFactory: Datenbanktreiber oracle.jdbc.driver.OracleDriver konnte nicht geladen werden! Produktexport abgerochen
09.12.2011,10:12 INFO  [AWT-EventQueue-0] gui.KartenSpielPanel: Neue Abfrage gestartet
09.12.2011,10:12 INFO  [AWT-EventQueue-0] gui.KartenSpielPanel: Eine Karte wurde aktualisiert
09.12.2011,10:12 INFO  [AWT-EventQueue-0] gui.KartenSpielPanel: Name der Gespeicherten Lektion: Testdatei
09.12.2011,10:12 INFO  [AWT-EventQueue-0] gui.KartenSpielPanel: Neue Abfrage gestartet
09.12.2011,10:12 INFO  [AWT-EventQueue-0] gui.KartenSpielPanel: Neue Abfrage gestartet
09.12.2011,10:12 INFO  [AWT-EventQueue-0] gui.KartenSpielPanel: Neue Abfrage gestartet
25.07.2012,15:55 ERROR [main] gui.DAOFactory: Datenbanktreiber oracle.jdbc.driver.OracleDriver konnte nicht geladen werden! Produktexport abgerochen
